<?xml version="1.0" encoding="UTF-8"?>

<mule xmlns="http://www.mulesoft.org/schema/mule/core"
      xmlns:xsi="http://www.w3.org/2001/XMLSchema-instance"
      xmlns:spring="http://www.springframework.org/schema/beans"
      xmlns:script="http://www.mulesoft.org/schema/mule/scripting"
      xmlns:munit="http://www.mulesoft.org/schema/mule/munit"
      xmlns:mock="http://www.mulesoft.org/schema/mule/mock"
      xsi:schemaLocation="
        http://www.mulesoft.org/schema/mule/scripting http://www.mulesoft.org/schema/mule/scripting/current/mule-scripting.xsd
        http://www.springframework.org/schema/beans http://www.springframework.org/schema/beans/spring-beans-3.0.xsd
        http://www.mulesoft.org/schema/mule/core http://www.mulesoft.org/schema/mule/core/current/mule.xsd
        http://www.mulesoft.org/schema/mule/munit http://www.mulesoft.org/schema/mule/munit/current/mule-munit.xsd
        http://www.mulesoft.org/schema/mule/mock http://www.mulesoft.org/schema/mule/mock/current/mule-mock.xsd">

    <spring:beans>
        <spring:import resource="classpath:salesforce-user-info-1.xml"/>
    </spring:beans>

    <munit:config/>

    <mock:config/>


    <munit:test name="test" description="Create your test here">

        <munit:set payload-ref="#[string: Hello world!]"/>

        <munit:assert-not-null/>
    </munit:test>

</mule>